[debug] [2026-06-29T00:31:03.542Z] [Firebase Plugin] Activating Firebase extension.
[debug] [2026-06-29T00:31:06.934Z] [Firebase Plugin] requireAuthWrapper
[debug] [2026-06-29T00:31:06.935Z] > command requires scopes: ["email","openid","https://www.googleapis.com/auth/cloudplatformprojects.readonly","https://www.googleapis.com/auth/firebase","https://www.googleapis.com/auth/cloud-platform"]
[debug] [2026-06-29T00:31:06.935Z] > authorizing via signed-in user (jaquesebastian0@gmail.com)
[debug] [2026-06-29T00:31:06.938Z] Checked if tokens are valid: true, expires at: 1782696533283
[debug] [2026-06-29T00:31:06.939Z] Checked if tokens are valid: true, expires at: 1782696533283
[debug] [2026-06-29T00:31:06.939Z] [Firebase Plugin] User found:  jaquesebastian0@gmail.com
[info] [Firebase Plugin] (Core:Project) New user detected, fetching projects
[debug] [2026-06-29T00:31:06.940Z] Checked if tokens are valid: true, expires at: 1782696533283
[debug] [2026-06-29T00:31:06.941Z] >>> [apiv2][query] GET https://firebase.googleapis.com/v1beta1/projects pageSize=1000
[debug] [2026-06-29T00:31:06.949Z] [Firebase Plugin] VSCode notification server listening on port 40001
[info] [Firebase Plugin] Starting SQL Connect toolkit (version 3.4.11) on port 50001
[debug] [2026-06-29T00:31:07.232Z] 'fdc build' failed with error: Unable to build your SQL Connect schema and connectors (exit code 1): E0628 19:31:07.232049   74181 cmd.go:43] Error loading data connect config: could not find dataconnect.yaml in `/home/sjaquer/Downloads/taskME/dataconnect`
 {"metadata":{"emulator":{"name":"dataconnect"},"message":"'fdc build' failed with error: Unable to build your SQL Connect schema and connectors (exit code 1): E0628 19:31:07.232049   74181 cmd.go:43] Error loading data connect config: could not find dataconnect.yaml in `/home/sjaquer/Downloads/taskME/dataconnect`\n"}}
[debug] [2026-06-29T00:31:07.233Z] Ignoring unsupported arg: auto_download {"metadata":{"emulator":{"name":"dataconnect"},"message":"Ignoring unsupported arg: auto_download"}}
[debug] [2026-06-29T00:31:07.234Z] Ignoring unsupported arg: port {"metadata":{"emulator":{"name":"dataconnect"},"message":"Ignoring unsupported arg: port"}}
[debug] [2026-06-29T00:31:07.234Z] Starting SQL Connect Emulator with command {"binary":"/home/sjaquer/.cache/firebase/emulators/dataconnect-emulator-3.4.11","args":["--logtostderr","-v=2","dev","--listen=localhost:50001","--config_dir=/home/sjaquer/Downloads/taskME/dataconnect","--enable_output_schema_extensions=true","--enable_output_generated_sdk=true"],"optionalArgs":["listen","config_dir","enable_output_schema_extensions","enable_output_generated_sdk"],"joinArgs":true,"shell":false,"port":9399} {"metadata":{"emulator":{"name":"dataconnect"},"message":"Starting SQL Connect Emulator with command {\"binary\":\"/home/sjaquer/.cache/firebase/emulators/dataconnect-emulator-3.4.11\",\"args\":[\"--logtostderr\",\"-v=2\",\"dev\",\"--listen=localhost:50001\",\"--config_dir=/home/sjaquer/Downloads/taskME/dataconnect\",\"--enable_output_schema_extensions=true\",\"--enable_output_generated_sdk=true\"],\"optionalArgs\":[\"listen\",\"config_dir\",\"enable_output_schema_extensions\",\"enable_output_generated_sdk\"],\"joinArgs\":true,\"shell\":false,\"port\":9399}"}}
[info] i  dataconnect: SQL Connect Emulator logging to dataconnect-debug.log {"metadata":{"emulator":{"name":"dataconnect"},"message":"SQL Connect Emulator logging to dataconnect-debug.log"}}
[debug] [2026-06-29T00:31:07.271Z] E0628 19:31:07.265681   74193 dev.go:83] Failed to load initial config from "/home/sjaquer/Downloads/taskME/dataconnect": could not find dataconnect.yaml in `/home/sjaquer/Downloads/taskME/dataconnect`
E0628 19:31:07.266624   74193 watch.go:116] watchAllDir unable to walk dir `/home/sjaquer/Downloads/taskME/dataconnect`: lstat /home/sjaquer/Downloads/taskME/dataconnect: no such file or directory
I0628 19:31:07.267044   74193 dev.go:104] Listening on address (HTTP + gRPC): 127.0.0.1:50001
 {"metadata":{"emulator":{"name":"dataconnect"},"message":"E0628 19:31:07.265681   74193 dev.go:83] Failed to load initial config from \"/home/sjaquer/Downloads/taskME/dataconnect\": could not find dataconnect.yaml in `/home/sjaquer/Downloads/taskME/dataconnect`\nE0628 19:31:07.266624   74193 watch.go:116] watchAllDir unable to walk dir `/home/sjaquer/Downloads/taskME/dataconnect`: lstat /home/sjaquer/Downloads/taskME/dataconnect: no such file or directory\nI0628 19:31:07.267044   74193 dev.go:104] Listening on address (HTTP + gRPC): 127.0.0.1:50001\n"}}
[error] [Firebase Plugin] error:  {}
[debug] [2026-06-29T00:31:07.812Z] <<< [apiv2][status] GET https://firebase.googleapis.com/v1beta1/projects 200
[debug] [2026-06-29T00:31:07.812Z] <<< [apiv2][body] GET https://firebase.googleapis.com/v1beta1/projects [omitted]
[debug] [2026-06-29T00:31:17.275Z] E0628 19:31:17.274865   74193 watch.go:40] Failed to load config from "/home/sjaquer/Downloads/taskME/dataconnect": could not find dataconnect.yaml in `/home/sjaquer/Downloads/taskME/dataconnect`
 {"metadata":{"emulator":{"name":"dataconnect"},"message":"E0628 19:31:17.274865   74193 watch.go:40] Failed to load config from \"/home/sjaquer/Downloads/taskME/dataconnect\": could not find dataconnect.yaml in `/home/sjaquer/Downloads/taskME/dataconnect`\n"}}
[debug] [2026-06-29T00:31:27.274Z] E0628 19:31:27.274201   74193 watch.go:40] Failed to load config from "/home/sjaquer/Downloads/taskME/dataconnect": could not find dataconnect.yaml in `/home/sjaquer/Downloads/taskME/dataconnect`
 {"metadata":{"emulator":{"name":"dataconnect"},"message":"E0628 19:31:27.274201   74193 watch.go:40] Failed to load config from \"/home/sjaquer/Downloads/taskME/dataconnect\": could not find dataconnect.yaml in `/home/sjaquer/Downloads/taskME/dataconnect`\n"}}
[debug] [2026-06-29T00:31:37.267Z] E0628 19:31:37.267405   74193 watch.go:40] Failed to load config from "/home/sjaquer/Downloads/taskME/dataconnect": could not find dataconnect.yaml in `/home/sjaquer/Downloads/taskME/dataconnect`
 {"metadata":{"emulator":{"name":"dataconnect"},"message":"E0628 19:31:37.267405   74193 watch.go:40] Failed to load config from \"/home/sjaquer/Downloads/taskME/dataconnect\": could not find dataconnect.yaml in `/home/sjaquer/Downloads/taskME/dataconnect`\n"}}
[debug] [2026-06-29T00:31:47.275Z] E0628 19:31:47.275798   74193 watch.go:40] Failed to load config from "/home/sjaquer/Downloads/taskME/dataconnect": could not find dataconnect.yaml in `/home/sjaquer/Downloads/taskME/dataconnect`
 {"metadata":{"emulator":{"name":"dataconnect"},"message":"E0628 19:31:47.275798   74193 watch.go:40] Failed to load config from \"/home/sjaquer/Downloads/taskME/dataconnect\": could not find dataconnect.yaml in `/home/sjaquer/Downloads/taskME/dataconnect`\n"}}
[debug] [2026-06-29T00:31:57.276Z] E0628 19:31:57.275851   74193 watch.go:40] Failed to load config from "/home/sjaquer/Downloads/taskME/dataconnect": could not find dataconnect.yaml in `/home/sjaquer/Downloads/taskME/dataconnect`
 {"metadata":{"emulator":{"name":"dataconnect"},"message":"E0628 19:31:57.275851   74193 watch.go:40] Failed to load config from \"/home/sjaquer/Downloads/taskME/dataconnect\": could not find dataconnect.yaml in `/home/sjaquer/Downloads/taskME/dataconnect`\n"}}
[debug] [2026-06-29T00:32:07.267Z] E0628 19:32:07.266937   74193 watch.go:116] watchAllDir unable to walk dir `/home/sjaquer/Downloads/taskME/dataconnect`: lstat /home/sjaquer/Downloads/taskME/dataconnect: no such file or directory
E0628 19:32:07.266989   74193 watch.go:40] Failed to load config from "/home/sjaquer/Downloads/taskME/dataconnect": could not find dataconnect.yaml in `/home/sjaquer/Downloads/taskME/dataconnect`
 {"metadata":{"emulator":{"name":"dataconnect"},"message":"E0628 19:32:07.266937   74193 watch.go:116] watchAllDir unable to walk dir `/home/sjaquer/Downloads/taskME/dataconnect`: lstat /home/sjaquer/Downloads/taskME/dataconnect: no such file or directory\nE0628 19:32:07.266989   74193 watch.go:40] Failed to load config from \"/home/sjaquer/Downloads/taskME/dataconnect\": could not find dataconnect.yaml in `/home/sjaquer/Downloads/taskME/dataconnect`\n"}}
[debug] [2026-06-29T00:32:17.276Z] E0628 19:32:17.275992   74193 watch.go:40] Failed to load config from "/home/sjaquer/Downloads/taskME/dataconnect": could not find dataconnect.yaml in `/home/sjaquer/Downloads/taskME/dataconnect`
 {"metadata":{"emulator":{"name":"dataconnect"},"message":"E0628 19:32:17.275992   74193 watch.go:40] Failed to load config from \"/home/sjaquer/Downloads/taskME/dataconnect\": could not find dataconnect.yaml in `/home/sjaquer/Downloads/taskME/dataconnect`\n"}}
[debug] [2026-06-29T00:32:27.276Z] E0628 19:32:27.276050   74193 watch.go:40] Failed to load config from "/home/sjaquer/Downloads/taskME/dataconnect": could not find dataconnect.yaml in `/home/sjaquer/Downloads/taskME/dataconnect`
 {"metadata":{"emulator":{"name":"dataconnect"},"message":"E0628 19:32:27.276050   74193 watch.go:40] Failed to load config from \"/home/sjaquer/Downloads/taskME/dataconnect\": could not find dataconnect.yaml in `/home/sjaquer/Downloads/taskME/dataconnect`\n"}}
[debug] [2026-06-29T00:32:37.267Z] E0628 19:32:37.266928   74193 watch.go:40] Failed to load config from "/home/sjaquer/Downloads/taskME/dataconnect": could not find dataconnect.yaml in `/home/sjaquer/Downloads/taskME/dataconnect`
 {"metadata":{"emulator":{"name":"dataconnect"},"message":"E0628 19:32:37.266928   74193 watch.go:40] Failed to load config from \"/home/sjaquer/Downloads/taskME/dataconnect\": could not find dataconnect.yaml in `/home/sjaquer/Downloads/taskME/dataconnect`\n"}}
[debug] [2026-06-29T00:32:47.276Z] E0628 19:32:47.275997   74193 watch.go:40] Failed to load config from "/home/sjaquer/Downloads/taskME/dataconnect": could not find dataconnect.yaml in `/home/sjaquer/Downloads/taskME/dataconnect`
 {"metadata":{"emulator":{"name":"dataconnect"},"message":"E0628 19:32:47.275997   74193 watch.go:40] Failed to load config from \"/home/sjaquer/Downloads/taskME/dataconnect\": could not find dataconnect.yaml in `/home/sjaquer/Downloads/taskME/dataconnect`\n"}}
[debug] [2026-06-29T00:32:57.276Z] E0628 19:32:57.276077   74193 watch.go:40] Failed to load config from "/home/sjaquer/Downloads/taskME/dataconnect": could not find dataconnect.yaml in `/home/sjaquer/Downloads/taskME/dataconnect`
 {"metadata":{"emulator":{"name":"dataconnect"},"message":"E0628 19:32:57.276077   74193 watch.go:40] Failed to load config from \"/home/sjaquer/Downloads/taskME/dataconnect\": could not find dataconnect.yaml in `/home/sjaquer/Downloads/taskME/dataconnect`\n"}}
[debug] [2026-06-29T00:33:07.267Z] E0628 19:33:07.267710   74193 watch.go:40] Failed to load config from "/home/sjaquer/Downloads/taskME/dataconnect": could not find dataconnect.yaml in `/home/sjaquer/Downloads/taskME/dataconnect`
E0628 19:33:07.267645   74193 watch.go:116] watchAllDir unable to walk dir `/home/sjaquer/Downloads/taskME/dataconnect`: lstat /home/sjaquer/Downloads/taskME/dataconnect: no such file or directory
 {"metadata":{"emulator":{"name":"dataconnect"},"message":"E0628 19:33:07.267710   74193 watch.go:40] Failed to load config from \"/home/sjaquer/Downloads/taskME/dataconnect\": could not find dataconnect.yaml in `/home/sjaquer/Downloads/taskME/dataconnect`\nE0628 19:33:07.267645   74193 watch.go:116] watchAllDir unable to walk dir `/home/sjaquer/Downloads/taskME/dataconnect`: lstat /home/sjaquer/Downloads/taskME/dataconnect: no such file or directory\n"}}
[debug] [2026-06-29T00:33:17.267Z] E0628 19:33:17.266829   74193 watch.go:40] Failed to load config from "/home/sjaquer/Downloads/taskME/dataconnect": could not find dataconnect.yaml in `/home/sjaquer/Downloads/taskME/dataconnect`
 {"metadata":{"emulator":{"name":"dataconnect"},"message":"E0628 19:33:17.266829   74193 watch.go:40] Failed to load config from \"/home/sjaquer/Downloads/taskME/dataconnect\": could not find dataconnect.yaml in `/home/sjaquer/Downloads/taskME/dataconnect`\n"}}
[debug] [2026-06-29T00:33:27.276Z] E0628 19:33:27.275968   74193 watch.go:40] Failed to load config from "/home/sjaquer/Downloads/taskME/dataconnect": could not find dataconnect.yaml in `/home/sjaquer/Downloads/taskME/dataconnect`
 {"metadata":{"emulator":{"name":"dataconnect"},"message":"E0628 19:33:27.275968   74193 watch.go:40] Failed to load config from \"/home/sjaquer/Downloads/taskME/dataconnect\": could not find dataconnect.yaml in `/home/sjaquer/Downloads/taskME/dataconnect`\n"}}
[debug] [2026-06-29T00:33:37.267Z] E0628 19:33:37.267239   74193 watch.go:40] Failed to load config from "/home/sjaquer/Downloads/taskME/dataconnect": could not find dataconnect.yaml in `/home/sjaquer/Downloads/taskME/dataconnect`
 {"metadata":{"emulator":{"name":"dataconnect"},"message":"E0628 19:33:37.267239   74193 watch.go:40] Failed to load config from \"/home/sjaquer/Downloads/taskME/dataconnect\": could not find dataconnect.yaml in `/home/sjaquer/Downloads/taskME/dataconnect`\n"}}
[debug] [2026-06-29T00:33:47.275Z] E0628 19:33:47.275796   74193 watch.go:40] Failed to load config from "/home/sjaquer/Downloads/taskME/dataconnect": could not find dataconnect.yaml in `/home/sjaquer/Downloads/taskME/dataconnect`
 {"metadata":{"emulator":{"name":"dataconnect"},"message":"E0628 19:33:47.275796   74193 watch.go:40] Failed to load config from \"/home/sjaquer/Downloads/taskME/dataconnect\": could not find dataconnect.yaml in `/home/sjaquer/Downloads/taskME/dataconnect`\n"}}
[debug] [2026-06-29T00:33:57.276Z] E0628 19:33:57.275813   74193 watch.go:40] Failed to load config from "/home/sjaquer/Downloads/taskME/dataconnect": could not find dataconnect.yaml in `/home/sjaquer/Downloads/taskME/dataconnect`
 {"metadata":{"emulator":{"name":"dataconnect"},"message":"E0628 19:33:57.275813   74193 watch.go:40] Failed to load config from \"/home/sjaquer/Downloads/taskME/dataconnect\": could not find dataconnect.yaml in `/home/sjaquer/Downloads/taskME/dataconnect`\n"}}
[debug] [2026-06-29T00:34:07.267Z] E0628 19:34:07.266996   74193 watch.go:116] watchAllDir unable to walk dir `/home/sjaquer/Downloads/taskME/dataconnect`: lstat /home/sjaquer/Downloads/taskME/dataconnect: no such file or directory
E0628 19:34:07.267029   74193 watch.go:40] Failed to load config from "/home/sjaquer/Downloads/taskME/dataconnect": could not find dataconnect.yaml in `/home/sjaquer/Downloads/taskME/dataconnect`
 {"metadata":{"emulator":{"name":"dataconnect"},"message":"E0628 19:34:07.266996   74193 watch.go:116] watchAllDir unable to walk dir `/home/sjaquer/Downloads/taskME/dataconnect`: lstat /home/sjaquer/Downloads/taskME/dataconnect: no such file or directory\nE0628 19:34:07.267029   74193 watch.go:40] Failed to load config from \"/home/sjaquer/Downloads/taskME/dataconnect\": could not find dataconnect.yaml in `/home/sjaquer/Downloads/taskME/dataconnect`\n"}}
[debug] [2026-06-29T00:34:17.276Z] E0628 19:34:17.275820   74193 watch.go:40] Failed to load config from "/home/sjaquer/Downloads/taskME/dataconnect": could not find dataconnect.yaml in `/home/sjaquer/Downloads/taskME/dataconnect`
 {"metadata":{"emulator":{"name":"dataconnect"},"message":"E0628 19:34:17.275820   74193 watch.go:40] Failed to load config from \"/home/sjaquer/Downloads/taskME/dataconnect\": could not find dataconnect.yaml in `/home/sjaquer/Downloads/taskME/dataconnect`\n"}}
[debug] [2026-06-29T00:34:27.276Z] E0628 19:34:27.275835   74193 watch.go:40] Failed to load config from "/home/sjaquer/Downloads/taskME/dataconnect": could not find dataconnect.yaml in `/home/sjaquer/Downloads/taskME/dataconnect`
 {"metadata":{"emulator":{"name":"dataconnect"},"message":"E0628 19:34:27.275835   74193 watch.go:40] Failed to load config from \"/home/sjaquer/Downloads/taskME/dataconnect\": could not find dataconnect.yaml in `/home/sjaquer/Downloads/taskME/dataconnect`\n"}}
[debug] [2026-06-29T00:34:37.267Z] E0628 19:34:37.267728   74193 watch.go:40] Failed to load config from "/home/sjaquer/Downloads/taskME/dataconnect": could not find dataconnect.yaml in `/home/sjaquer/Downloads/taskME/dataconnect`
 {"metadata":{"emulator":{"name":"dataconnect"},"message":"E0628 19:34:37.267728   74193 watch.go:40] Failed to load config from \"/home/sjaquer/Downloads/taskME/dataconnect\": could not find dataconnect.yaml in `/home/sjaquer/Downloads/taskME/dataconnect`\n"}}
[debug] [2026-06-29T00:34:47.276Z] E0628 19:34:47.275817   74193 watch.go:40] Failed to load config from "/home/sjaquer/Downloads/taskME/dataconnect": could not find dataconnect.yaml in `/home/sjaquer/Downloads/taskME/dataconnect`
 {"metadata":{"emulator":{"name":"dataconnect"},"message":"E0628 19:34:47.275817   74193 watch.go:40] Failed to load config from \"/home/sjaquer/Downloads/taskME/dataconnect\": could not find dataconnect.yaml in `/home/sjaquer/Downloads/taskME/dataconnect`\n"}}
[debug] [2026-06-29T00:34:57.270Z] E0628 19:34:57.269967   74193 watch.go:40] Failed to load config from "/home/sjaquer/Downloads/taskME/dataconnect": could not find dataconnect.yaml in `/home/sjaquer/Downloads/taskME/dataconnect`
 {"metadata":{"emulator":{"name":"dataconnect"},"message":"E0628 19:34:57.269967   74193 watch.go:40] Failed to load config from \"/home/sjaquer/Downloads/taskME/dataconnect\": could not find dataconnect.yaml in `/home/sjaquer/Downloads/taskME/dataconnect`\n"}}
[debug] [2026-06-29T00:35:07.267Z] E0628 19:35:07.267212   74193 watch.go:116] watchAllDir unable to walk dir `/home/sjaquer/Downloads/taskME/dataconnect`: lstat /home/sjaquer/Downloads/taskME/dataconnect: no such file or directory
E0628 19:35:07.267256   74193 watch.go:40] Failed to load config from "/home/sjaquer/Downloads/taskME/dataconnect": could not find dataconnect.yaml in `/home/sjaquer/Downloads/taskME/dataconnect`
 {"metadata":{"emulator":{"name":"dataconnect"},"message":"E0628 19:35:07.267212   74193 watch.go:116] watchAllDir unable to walk dir `/home/sjaquer/Downloads/taskME/dataconnect`: lstat /home/sjaquer/Downloads/taskME/dataconnect: no such file or directory\nE0628 19:35:07.267256   74193 watch.go:40] Failed to load config from \"/home/sjaquer/Downloads/taskME/dataconnect\": could not find dataconnect.yaml in `/home/sjaquer/Downloads/taskME/dataconnect`\n"}}
[debug] [2026-06-29T00:35:17.267Z] E0628 19:35:17.267058   74193 watch.go:40] Failed to load config from "/home/sjaquer/Downloads/taskME/dataconnect": could not find dataconnect.yaml in `/home/sjaquer/Downloads/taskME/dataconnect`
 {"metadata":{"emulator":{"name":"dataconnect"},"message":"E0628 19:35:17.267058   74193 watch.go:40] Failed to load config from \"/home/sjaquer/Downloads/taskME/dataconnect\": could not find dataconnect.yaml in `/home/sjaquer/Downloads/taskME/dataconnect`\n"}}
[debug] [2026-06-29T00:35:27.267Z] E0628 19:35:27.266981   74193 watch.go:40] Failed to load config from "/home/sjaquer/Downloads/taskME/dataconnect": could not find dataconnect.yaml in `/home/sjaquer/Downloads/taskME/dataconnect`
 {"metadata":{"emulator":{"name":"dataconnect"},"message":"E0628 19:35:27.266981   74193 watch.go:40] Failed to load config from \"/home/sjaquer/Downloads/taskME/dataconnect\": could not find dataconnect.yaml in `/home/sjaquer/Downloads/taskME/dataconnect`\n"}}
[debug] [2026-06-29T00:35:37.273Z] E0628 19:35:37.266966   74193 watch.go:40] Failed to load config from "/home/sjaquer/Downloads/taskME/dataconnect": could not find dataconnect.yaml in `/home/sjaquer/Downloads/taskME/dataconnect`
 {"metadata":{"emulator":{"name":"dataconnect"},"message":"E0628 19:35:37.266966   74193 watch.go:40] Failed to load config from \"/home/sjaquer/Downloads/taskME/dataconnect\": could not find dataconnect.yaml in `/home/sjaquer/Downloads/taskME/dataconnect`\n"}}
[debug] [2026-06-29T00:35:47.276Z] E0628 19:35:47.275822   74193 watch.go:40] Failed to load config from "/home/sjaquer/Downloads/taskME/dataconnect": could not find dataconnect.yaml in `/home/sjaquer/Downloads/taskME/dataconnect`
 {"metadata":{"emulator":{"name":"dataconnect"},"message":"E0628 19:35:47.275822   74193 watch.go:40] Failed to load config from \"/home/sjaquer/Downloads/taskME/dataconnect\": could not find dataconnect.yaml in `/home/sjaquer/Downloads/taskME/dataconnect`\n"}}
[debug] [2026-06-29T00:35:57.276Z] E0628 19:35:57.275863   74193 watch.go:40] Failed to load config from "/home/sjaquer/Downloads/taskME/dataconnect": could not find dataconnect.yaml in `/home/sjaquer/Downloads/taskME/dataconnect`
 {"metadata":{"emulator":{"name":"dataconnect"},"message":"E0628 19:35:57.275863   74193 watch.go:40] Failed to load config from \"/home/sjaquer/Downloads/taskME/dataconnect\": could not find dataconnect.yaml in `/home/sjaquer/Downloads/taskME/dataconnect`\n"}}
[debug] [2026-06-29T00:36:07.267Z] E0628 19:36:07.267062   74193 watch.go:40] Failed to load config from "/home/sjaquer/Downloads/taskME/dataconnect": could not find dataconnect.yaml in `/home/sjaquer/Downloads/taskME/dataconnect`
 {"metadata":{"emulator":{"name":"dataconnect"},"message":"E0628 19:36:07.267062   74193 watch.go:40] Failed to load config from \"/home/sjaquer/Downloads/taskME/dataconnect\": could not find dataconnect.yaml in `/home/sjaquer/Downloads/taskME/dataconnect`\n"}}
[debug] [2026-06-29T00:36:07.277Z] E0628 19:36:07.267023   74193 watch.go:116] watchAllDir unable to walk dir `/home/sjaquer/Downloads/taskME/dataconnect`: lstat /home/sjaquer/Downloads/taskME/dataconnect: no such file or directory
 {"metadata":{"emulator":{"name":"dataconnect"},"message":"E0628 19:36:07.267023   74193 watch.go:116] watchAllDir unable to walk dir `/home/sjaquer/Downloads/taskME/dataconnect`: lstat /home/sjaquer/Downloads/taskME/dataconnect: no such file or directory\n"}}
[debug] [2026-06-29T00:36:17.276Z] E0628 19:36:17.276545   74193 watch.go:40] Failed to load config from "/home/sjaquer/Downloads/taskME/dataconnect": could not find dataconnect.yaml in `/home/sjaquer/Downloads/taskME/dataconnect`
 {"metadata":{"emulator":{"name":"dataconnect"},"message":"E0628 19:36:17.276545   74193 watch.go:40] Failed to load config from \"/home/sjaquer/Downloads/taskME/dataconnect\": could not find dataconnect.yaml in `/home/sjaquer/Downloads/taskME/dataconnect`\n"}}
[debug] [2026-06-29T00:36:27.276Z] E0628 19:36:27.276559   74193 watch.go:40] Failed to load config from "/home/sjaquer/Downloads/taskME/dataconnect": could not find dataconnect.yaml in `/home/sjaquer/Downloads/taskME/dataconnect`
 {"metadata":{"emulator":{"name":"dataconnect"},"message":"E0628 19:36:27.276559   74193 watch.go:40] Failed to load config from \"/home/sjaquer/Downloads/taskME/dataconnect\": could not find dataconnect.yaml in `/home/sjaquer/Downloads/taskME/dataconnect`\n"}}
[debug] [2026-06-29T00:36:37.267Z] E0628 19:36:37.267621   74193 watch.go:40] Failed to load config from "/home/sjaquer/Downloads/taskME/dataconnect": could not find dataconnect.yaml in `/home/sjaquer/Downloads/taskME/dataconnect`
 {"metadata":{"emulator":{"name":"dataconnect"},"message":"E0628 19:36:37.267621   74193 watch.go:40] Failed to load config from \"/home/sjaquer/Downloads/taskME/dataconnect\": could not find dataconnect.yaml in `/home/sjaquer/Downloads/taskME/dataconnect`\n"}}
[debug] [2026-06-29T00:36:47.275Z] E0628 19:36:47.275801   74193 watch.go:40] Failed to load config from "/home/sjaquer/Downloads/taskME/dataconnect": could not find dataconnect.yaml in `/home/sjaquer/Downloads/taskME/dataconnect`
 {"metadata":{"emulator":{"name":"dataconnect"},"message":"E0628 19:36:47.275801   74193 watch.go:40] Failed to load config from \"/home/sjaquer/Downloads/taskME/dataconnect\": could not find dataconnect.yaml in `/home/sjaquer/Downloads/taskME/dataconnect`\n"}}
[debug] [2026-06-29T00:36:57.267Z] E0628 19:36:57.266834   74193 watch.go:40] Failed to load config from "/home/sjaquer/Downloads/taskME/dataconnect": could not find dataconnect.yaml in `/home/sjaquer/Downloads/taskME/dataconnect`
 {"metadata":{"emulator":{"name":"dataconnect"},"message":"E0628 19:36:57.266834   74193 watch.go:40] Failed to load config from \"/home/sjaquer/Downloads/taskME/dataconnect\": could not find dataconnect.yaml in `/home/sjaquer/Downloads/taskME/dataconnect`\n"}}
[debug] [2026-06-29T00:37:07.267Z] E0628 19:37:07.266779   74193 watch.go:116] watchAllDir unable to walk dir `/home/sjaquer/Downloads/taskME/dataconnect`: lstat /home/sjaquer/Downloads/taskME/dataconnect: no such file or directory
E0628 19:37:07.266836   74193 watch.go:40] Failed to load config from "/home/sjaquer/Downloads/taskME/dataconnect": could not find dataconnect.yaml in `/home/sjaquer/Downloads/taskME/dataconnect`
 {"metadata":{"emulator":{"name":"dataconnect"},"message":"E0628 19:37:07.266779   74193 watch.go:116] watchAllDir unable to walk dir `/home/sjaquer/Downloads/taskME/dataconnect`: lstat /home/sjaquer/Downloads/taskME/dataconnect: no such file or directory\nE0628 19:37:07.266836   74193 watch.go:40] Failed to load config from \"/home/sjaquer/Downloads/taskME/dataconnect\": could not find dataconnect.yaml in `/home/sjaquer/Downloads/taskME/dataconnect`\n"}}
[debug] [2026-06-29T00:37:17.266Z] E0628 19:37:17.266808   74193 watch.go:40] Failed to load config from "/home/sjaquer/Downloads/taskME/dataconnect": could not find dataconnect.yaml in `/home/sjaquer/Downloads/taskME/dataconnect`
 {"metadata":{"emulator":{"name":"dataconnect"},"message":"E0628 19:37:17.266808   74193 watch.go:40] Failed to load config from \"/home/sjaquer/Downloads/taskME/dataconnect\": could not find dataconnect.yaml in `/home/sjaquer/Downloads/taskME/dataconnect`\n"}}
[debug] [2026-06-29T00:37:27.267Z] E0628 19:37:27.266819   74193 watch.go:40] Failed to load config from "/home/sjaquer/Downloads/taskME/dataconnect": could not find dataconnect.yaml in `/home/sjaquer/Downloads/taskME/dataconnect`
 {"metadata":{"emulator":{"name":"dataconnect"},"message":"E0628 19:37:27.266819   74193 watch.go:40] Failed to load config from \"/home/sjaquer/Downloads/taskME/dataconnect\": could not find dataconnect.yaml in `/home/sjaquer/Downloads/taskME/dataconnect`\n"}}
[debug] [2026-06-29T00:37:37.267Z] E0628 19:37:37.266942   74193 watch.go:40] Failed to load config from "/home/sjaquer/Downloads/taskME/dataconnect": could not find dataconnect.yaml in `/home/sjaquer/Downloads/taskME/dataconnect`
 {"metadata":{"emulator":{"name":"dataconnect"},"message":"E0628 19:37:37.266942   74193 watch.go:40] Failed to load config from \"/home/sjaquer/Downloads/taskME/dataconnect\": could not find dataconnect.yaml in `/home/sjaquer/Downloads/taskME/dataconnect`\n"}}
[debug] [2026-06-29T00:37:47.276Z] E0628 19:37:47.275888   74193 watch.go:40] Failed to load config from "/home/sjaquer/Downloads/taskME/dataconnect": could not find dataconnect.yaml in `/home/sjaquer/Downloads/taskME/dataconnect`
 {"metadata":{"emulator":{"name":"dataconnect"},"message":"E0628 19:37:47.275888   74193 watch.go:40] Failed to load config from \"/home/sjaquer/Downloads/taskME/dataconnect\": could not find dataconnect.yaml in `/home/sjaquer/Downloads/taskME/dataconnect`\n"}}
[debug] [2026-06-29T00:37:57.276Z] E0628 19:37:57.275843   74193 watch.go:40] Failed to load config from "/home/sjaquer/Downloads/taskME/dataconnect": could not find dataconnect.yaml in `/home/sjaquer/Downloads/taskME/dataconnect`
 {"metadata":{"emulator":{"name":"dataconnect"},"message":"E0628 19:37:57.275843   74193 watch.go:40] Failed to load config from \"/home/sjaquer/Downloads/taskME/dataconnect\": could not find dataconnect.yaml in `/home/sjaquer/Downloads/taskME/dataconnect`\n"}}
[debug] [2026-06-29T00:38:07.267Z] E0628 19:38:07.266827   74193 watch.go:116] watchAllDir unable to walk dir `/home/sjaquer/Downloads/taskME/dataconnect`: lstat /home/sjaquer/Downloads/taskME/dataconnect: no such file or directory
E0628 19:38:07.266928   74193 watch.go:40] Failed to load config from "/home/sjaquer/Downloads/taskME/dataconnect": could not find dataconnect.yaml in `/home/sjaquer/Downloads/taskME/dataconnect`
 {"metadata":{"emulator":{"name":"dataconnect"},"message":"E0628 19:38:07.266827   74193 watch.go:116] watchAllDir unable to walk dir `/home/sjaquer/Downloads/taskME/dataconnect`: lstat /home/sjaquer/Downloads/taskME/dataconnect: no such file or directory\nE0628 19:38:07.266928   74193 watch.go:40] Failed to load config from \"/home/sjaquer/Downloads/taskME/dataconnect\": could not find dataconnect.yaml in `/home/sjaquer/Downloads/taskME/dataconnect`\n"}}
[debug] [2026-06-29T00:38:17.276Z] E0628 19:38:17.275984   74193 watch.go:40] Failed to load config from "/home/sjaquer/Downloads/taskME/dataconnect": could not find dataconnect.yaml in `/home/sjaquer/Downloads/taskME/dataconnect`
 {"metadata":{"emulator":{"name":"dataconnect"},"message":"E0628 19:38:17.275984   74193 watch.go:40] Failed to load config from \"/home/sjaquer/Downloads/taskME/dataconnect\": could not find dataconnect.yaml in `/home/sjaquer/Downloads/taskME/dataconnect`\n"}}
[debug] [2026-06-29T00:38:27.276Z] E0628 19:38:27.276139   74193 watch.go:40] Failed to load config from "/home/sjaquer/Downloads/taskME/dataconnect": could not find dataconnect.yaml in `/home/sjaquer/Downloads/taskME/dataconnect`
 {"metadata":{"emulator":{"name":"dataconnect"},"message":"E0628 19:38:27.276139   74193 watch.go:40] Failed to load config from \"/home/sjaquer/Downloads/taskME/dataconnect\": could not find dataconnect.yaml in `/home/sjaquer/Downloads/taskME/dataconnect`\n"}}
[debug] [2026-06-29T00:38:37.267Z] E0628 19:38:37.266933   74193 watch.go:40] Failed to load config from "/home/sjaquer/Downloads/taskME/dataconnect": could not find dataconnect.yaml in `/home/sjaquer/Downloads/taskME/dataconnect`
 {"metadata":{"emulator":{"name":"dataconnect"},"message":"E0628 19:38:37.266933   74193 watch.go:40] Failed to load config from \"/home/sjaquer/Downloads/taskME/dataconnect\": could not find dataconnect.yaml in `/home/sjaquer/Downloads/taskME/dataconnect`\n"}}
[debug] [2026-06-29T00:38:47.276Z] E0628 19:38:47.275964   74193 watch.go:40] Failed to load config from "/home/sjaquer/Downloads/taskME/dataconnect": could not find dataconnect.yaml in `/home/sjaquer/Downloads/taskME/dataconnect`
 {"metadata":{"emulator":{"name":"dataconnect"},"message":"E0628 19:38:47.275964   74193 watch.go:40] Failed to load config from \"/home/sjaquer/Downloads/taskME/dataconnect\": could not find dataconnect.yaml in `/home/sjaquer/Downloads/taskME/dataconnect`\n"}}
[debug] [2026-06-29T00:38:57.275Z] E0628 19:38:57.275805   74193 watch.go:40] Failed to load config from "/home/sjaquer/Downloads/taskME/dataconnect": could not find dataconnect.yaml in `/home/sjaquer/Downloads/taskME/dataconnect`
 {"metadata":{"emulator":{"name":"dataconnect"},"message":"E0628 19:38:57.275805   74193 watch.go:40] Failed to load config from \"/home/sjaquer/Downloads/taskME/dataconnect\": could not find dataconnect.yaml in `/home/sjaquer/Downloads/taskME/dataconnect`\n"}}
[debug] [2026-06-29T00:39:07.267Z] E0628 19:39:07.266977   74193 watch.go:116] watchAllDir unable to walk dir `/home/sjaquer/Downloads/taskME/dataconnect`: lstat /home/sjaquer/Downloads/taskME/dataconnect: no such file or directory
E0628 19:39:07.267026   74193 watch.go:40] Failed to load config from "/home/sjaquer/Downloads/taskME/dataconnect": could not find dataconnect.yaml in `/home/sjaquer/Downloads/taskME/dataconnect`
 {"metadata":{"emulator":{"name":"dataconnect"},"message":"E0628 19:39:07.266977   74193 watch.go:116] watchAllDir unable to walk dir `/home/sjaquer/Downloads/taskME/dataconnect`: lstat /home/sjaquer/Downloads/taskME/dataconnect: no such file or directory\nE0628 19:39:07.267026   74193 watch.go:40] Failed to load config from \"/home/sjaquer/Downloads/taskME/dataconnect\": could not find dataconnect.yaml in `/home/sjaquer/Downloads/taskME/dataconnect`\n"}}
[debug] [2026-06-29T00:39:17.276Z] E0628 19:39:17.275817   74193 watch.go:40] Failed to load config from "/home/sjaquer/Downloads/taskME/dataconnect": could not find dataconnect.yaml in `/home/sjaquer/Downloads/taskME/dataconnect`
 {"metadata":{"emulator":{"name":"dataconnect"},"message":"E0628 19:39:17.275817   74193 watch.go:40] Failed to load config from \"/home/sjaquer/Downloads/taskME/dataconnect\": could not find dataconnect.yaml in `/home/sjaquer/Downloads/taskME/dataconnect`\n"}}
[debug] [2026-06-29T00:39:27.276Z] E0628 19:39:27.275853   74193 watch.go:40] Failed to load config from "/home/sjaquer/Downloads/taskME/dataconnect": could not find dataconnect.yaml in `/home/sjaquer/Downloads/taskME/dataconnect`
 {"metadata":{"emulator":{"name":"dataconnect"},"message":"E0628 19:39:27.275853   74193 watch.go:40] Failed to load config from \"/home/sjaquer/Downloads/taskME/dataconnect\": could not find dataconnect.yaml in `/home/sjaquer/Downloads/taskME/dataconnect`\n"}}
[debug] [2026-06-29T00:39:37.266Z] E0628 19:39:37.266777   74193 watch.go:40] Failed to load config from "/home/sjaquer/Downloads/taskME/dataconnect": could not find dataconnect.yaml in `/home/sjaquer/Downloads/taskME/dataconnect`
 {"metadata":{"emulator":{"name":"dataconnect"},"message":"E0628 19:39:37.266777   74193 watch.go:40] Failed to load config from \"/home/sjaquer/Downloads/taskME/dataconnect\": could not find dataconnect.yaml in `/home/sjaquer/Downloads/taskME/dataconnect`\n"}}
[debug] [2026-06-29T00:39:47.276Z] E0628 19:39:47.276388   74193 watch.go:40] Failed to load config from "/home/sjaquer/Downloads/taskME/dataconnect": could not find dataconnect.yaml in `/home/sjaquer/Downloads/taskME/dataconnect`
 {"metadata":{"emulator":{"name":"dataconnect"},"message":"E0628 19:39:47.276388   74193 watch.go:40] Failed to load config from \"/home/sjaquer/Downloads/taskME/dataconnect\": could not find dataconnect.yaml in `/home/sjaquer/Downloads/taskME/dataconnect`\n"}}
[debug] [2026-06-29T00:39:57.276Z] E0628 19:39:57.276435   74193 watch.go:40] Failed to load config from "/home/sjaquer/Downloads/taskME/dataconnect": could not find dataconnect.yaml in `/home/sjaquer/Downloads/taskME/dataconnect`
 {"metadata":{"emulator":{"name":"dataconnect"},"message":"E0628 19:39:57.276435   74193 watch.go:40] Failed to load config from \"/home/sjaquer/Downloads/taskME/dataconnect\": could not find dataconnect.yaml in `/home/sjaquer/Downloads/taskME/dataconnect`\n"}}
[debug] [2026-06-29T00:40:07.267Z] E0628 19:40:07.266895   74193 watch.go:116] watchAllDir unable to walk dir `/home/sjaquer/Downloads/taskME/dataconnect`: lstat /home/sjaquer/Downloads/taskME/dataconnect: no such file or directory
E0628 19:40:07.266939   74193 watch.go:40] Failed to load config from "/home/sjaquer/Downloads/taskME/dataconnect": could not find dataconnect.yaml in `/home/sjaquer/Downloads/taskME/dataconnect`
 {"metadata":{"emulator":{"name":"dataconnect"},"message":"E0628 19:40:07.266895   74193 watch.go:116] watchAllDir unable to walk dir `/home/sjaquer/Downloads/taskME/dataconnect`: lstat /home/sjaquer/Downloads/taskME/dataconnect: no such file or directory\nE0628 19:40:07.266939   74193 watch.go:40] Failed to load config from \"/home/sjaquer/Downloads/taskME/dataconnect\": could not find dataconnect.yaml in `/home/sjaquer/Downloads/taskME/dataconnect`\n"}}
[debug] [2026-06-29T00:40:17.276Z] E0628 19:40:17.276064   74193 watch.go:40] Failed to load config from "/home/sjaquer/Downloads/taskME/dataconnect": could not find dataconnect.yaml in `/home/sjaquer/Downloads/taskME/dataconnect`
 {"metadata":{"emulator":{"name":"dataconnect"},"message":"E0628 19:40:17.276064   74193 watch.go:40] Failed to load config from \"/home/sjaquer/Downloads/taskME/dataconnect\": could not find dataconnect.yaml in `/home/sjaquer/Downloads/taskME/dataconnect`\n"}}
[debug] [2026-06-29T00:40:27.268Z] E0628 19:40:27.268038   74193 watch.go:40] Failed to load config from "/home/sjaquer/Downloads/taskME/dataconnect": could not find dataconnect.yaml in `/home/sjaquer/Downloads/taskME/dataconnect`
 {"metadata":{"emulator":{"name":"dataconnect"},"message":"E0628 19:40:27.268038   74193 watch.go:40] Failed to load config from \"/home/sjaquer/Downloads/taskME/dataconnect\": could not find dataconnect.yaml in `/home/sjaquer/Downloads/taskME/dataconnect`\n"}}
[debug] [2026-06-29T00:40:37.267Z] E0628 19:40:37.266919   74193 watch.go:40] Failed to load config from "/home/sjaquer/Downloads/taskME/dataconnect": could not find dataconnect.yaml in `/home/sjaquer/Downloads/taskME/dataconnect`
 {"metadata":{"emulator":{"name":"dataconnect"},"message":"E0628 19:40:37.266919   74193 watch.go:40] Failed to load config from \"/home/sjaquer/Downloads/taskME/dataconnect\": could not find dataconnect.yaml in `/home/sjaquer/Downloads/taskME/dataconnect`\n"}}
[debug] [2026-06-29T00:40:47.276Z] E0628 19:40:47.275807   74193 watch.go:40] Failed to load config from "/home/sjaquer/Downloads/taskME/dataconnect": could not find dataconnect.yaml in `/home/sjaquer/Downloads/taskME/dataconnect`
 {"metadata":{"emulator":{"name":"dataconnect"},"message":"E0628 19:40:47.275807   74193 watch.go:40] Failed to load config from \"/home/sjaquer/Downloads/taskME/dataconnect\": could not find dataconnect.yaml in `/home/sjaquer/Downloads/taskME/dataconnect`\n"}}
[debug] [2026-06-29T00:40:57.276Z] E0628 19:40:57.275801   74193 watch.go:40] Failed to load config from "/home/sjaquer/Downloads/taskME/dataconnect": could not find dataconnect.yaml in `/home/sjaquer/Downloads/taskME/dataconnect`
 {"metadata":{"emulator":{"name":"dataconnect"},"message":"E0628 19:40:57.275801   74193 watch.go:40] Failed to load config from \"/home/sjaquer/Downloads/taskME/dataconnect\": could not find dataconnect.yaml in `/home/sjaquer/Downloads/taskME/dataconnect`\n"}}
[debug] [2026-06-29T00:41:07.267Z] E0628 19:41:07.267017   74193 watch.go:116] watchAllDir unable to walk dir `/home/sjaquer/Downloads/taskME/dataconnect`: lstat /home/sjaquer/Downloads/taskME/dataconnect: no such file or directory
E0628 19:41:07.267095   74193 watch.go:40] Failed to load config from "/home/sjaquer/Downloads/taskME/dataconnect": could not find dataconnect.yaml in `/home/sjaquer/Downloads/taskME/dataconnect`
 {"metadata":{"emulator":{"name":"dataconnect"},"message":"E0628 19:41:07.267017   74193 watch.go:116] watchAllDir unable to walk dir `/home/sjaquer/Downloads/taskME/dataconnect`: lstat /home/sjaquer/Downloads/taskME/dataconnect: no such file or directory\nE0628 19:41:07.267095   74193 watch.go:40] Failed to load config from \"/home/sjaquer/Downloads/taskME/dataconnect\": could not find dataconnect.yaml in `/home/sjaquer/Downloads/taskME/dataconnect`\n"}}
[debug] [2026-06-29T00:41:17.276Z] E0628 19:41:17.276160   74193 watch.go:40] Failed to load config from "/home/sjaquer/Downloads/taskME/dataconnect": could not find dataconnect.yaml in `/home/sjaquer/Downloads/taskME/dataconnect`
 {"metadata":{"emulator":{"name":"dataconnect"},"message":"E0628 19:41:17.276160   74193 watch.go:40] Failed to load config from \"/home/sjaquer/Downloads/taskME/dataconnect\": could not find dataconnect.yaml in `/home/sjaquer/Downloads/taskME/dataconnect`\n"}}
[debug] [2026-06-29T00:41:27.272Z] E0628 19:41:27.272248   74193 watch.go:40] Failed to load config from "/home/sjaquer/Downloads/taskME/dataconnect": could not find dataconnect.yaml in `/home/sjaquer/Downloads/taskME/dataconnect`
 {"metadata":{"emulator":{"name":"dataconnect"},"message":"E0628 19:41:27.272248   74193 watch.go:40] Failed to load config from \"/home/sjaquer/Downloads/taskME/dataconnect\": could not find dataconnect.yaml in `/home/sjaquer/Downloads/taskME/dataconnect`\n"}}
[debug] [2026-06-29T00:41:37.287Z] E0628 19:41:37.267365   74193 watch.go:40] Failed to load config from "/home/sjaquer/Downloads/taskME/dataconnect": could not find dataconnect.yaml in `/home/sjaquer/Downloads/taskME/dataconnect`
 {"metadata":{"emulator":{"name":"dataconnect"},"message":"E0628 19:41:37.267365   74193 watch.go:40] Failed to load config from \"/home/sjaquer/Downloads/taskME/dataconnect\": could not find dataconnect.yaml in `/home/sjaquer/Downloads/taskME/dataconnect`\n"}}
[debug] [2026-06-29T00:41:47.267Z] E0628 19:41:47.266820   74193 watch.go:40] Failed to load config from "/home/sjaquer/Downloads/taskME/dataconnect": could not find dataconnect.yaml in `/home/sjaquer/Downloads/taskME/dataconnect`
 {"metadata":{"emulator":{"name":"dataconnect"},"message":"E0628 19:41:47.266820   74193 watch.go:40] Failed to load config from \"/home/sjaquer/Downloads/taskME/dataconnect\": could not find dataconnect.yaml in `/home/sjaquer/Downloads/taskME/dataconnect`\n"}}
[debug] [2026-06-29T00:41:57.275Z] E0628 19:41:57.275819   74193 watch.go:40] Failed to load config from "/home/sjaquer/Downloads/taskME/dataconnect": could not find dataconnect.yaml in `/home/sjaquer/Downloads/taskME/dataconnect`
 {"metadata":{"emulator":{"name":"dataconnect"},"message":"E0628 19:41:57.275819   74193 watch.go:40] Failed to load config from \"/home/sjaquer/Downloads/taskME/dataconnect\": could not find dataconnect.yaml in `/home/sjaquer/Downloads/taskME/dataconnect`\n"}}
[debug] [2026-06-29T00:42:07.267Z] E0628 19:42:07.267063   74193 watch.go:116] watchAllDir unable to walk dir `/home/sjaquer/Downloads/taskME/dataconnect`: lstat /home/sjaquer/Downloads/taskME/dataconnect: no such file or directory
E0628 19:42:07.267188   74193 watch.go:40] Failed to load config from "/home/sjaquer/Downloads/taskME/dataconnect": could not find dataconnect.yaml in `/home/sjaquer/Downloads/taskME/dataconnect`
 {"metadata":{"emulator":{"name":"dataconnect"},"message":"E0628 19:42:07.267063   74193 watch.go:116] watchAllDir unable to walk dir `/home/sjaquer/Downloads/taskME/dataconnect`: lstat /home/sjaquer/Downloads/taskME/dataconnect: no such file or directory\nE0628 19:42:07.267188   74193 watch.go:40] Failed to load config from \"/home/sjaquer/Downloads/taskME/dataconnect\": could not find dataconnect.yaml in `/home/sjaquer/Downloads/taskME/dataconnect`\n"}}
[debug] [2026-06-29T00:42:17.276Z] E0628 19:42:17.276304   74193 watch.go:40] Failed to load config from "/home/sjaquer/Downloads/taskME/dataconnect": could not find dataconnect.yaml in `/home/sjaquer/Downloads/taskME/dataconnect`
 {"metadata":{"emulator":{"name":"dataconnect"},"message":"E0628 19:42:17.276304   74193 watch.go:40] Failed to load config from \"/home/sjaquer/Downloads/taskME/dataconnect\": could not find dataconnect.yaml in `/home/sjaquer/Downloads/taskME/dataconnect`\n"}}
[debug] [2026-06-29T00:42:27.276Z] E0628 19:42:27.276315   74193 watch.go:40] Failed to load config from "/home/sjaquer/Downloads/taskME/dataconnect": could not find dataconnect.yaml in `/home/sjaquer/Downloads/taskME/dataconnect`
 {"metadata":{"emulator":{"name":"dataconnect"},"message":"E0628 19:42:27.276315   74193 watch.go:40] Failed to load config from \"/home/sjaquer/Downloads/taskME/dataconnect\": could not find dataconnect.yaml in `/home/sjaquer/Downloads/taskME/dataconnect`\n"}}
[debug] [2026-06-29T00:42:37.267Z] E0628 19:42:37.267553   74193 watch.go:40] Failed to load config from "/home/sjaquer/Downloads/taskME/dataconnect": could not find dataconnect.yaml in `/home/sjaquer/Downloads/taskME/dataconnect`
 {"metadata":{"emulator":{"name":"dataconnect"},"message":"E0628 19:42:37.267553   74193 watch.go:40] Failed to load config from \"/home/sjaquer/Downloads/taskME/dataconnect\": could not find dataconnect.yaml in `/home/sjaquer/Downloads/taskME/dataconnect`\n"}}
[debug] [2026-06-29T00:42:47.276Z] E0628 19:42:47.275795   74193 watch.go:40] Failed to load config from "/home/sjaquer/Downloads/taskME/dataconnect": could not find dataconnect.yaml in `/home/sjaquer/Downloads/taskME/dataconnect`
 {"metadata":{"emulator":{"name":"dataconnect"},"message":"E0628 19:42:47.275795   74193 watch.go:40] Failed to load config from \"/home/sjaquer/Downloads/taskME/dataconnect\": could not find dataconnect.yaml in `/home/sjaquer/Downloads/taskME/dataconnect`\n"}}
[debug] [2026-06-29T00:42:57.276Z] E0628 19:42:57.275923   74193 watch.go:40] Failed to load config from "/home/sjaquer/Downloads/taskME/dataconnect": could not find dataconnect.yaml in `/home/sjaquer/Downloads/taskME/dataconnect`
 {"metadata":{"emulator":{"name":"dataconnect"},"message":"E0628 19:42:57.275923   74193 watch.go:40] Failed to load config from \"/home/sjaquer/Downloads/taskME/dataconnect\": could not find dataconnect.yaml in `/home/sjaquer/Downloads/taskME/dataconnect`\n"}}
[debug] [2026-06-29T00:43:07.267Z] E0628 19:43:07.266940   74193 watch.go:116] watchAllDir unable to walk dir `/home/sjaquer/Downloads/taskME/dataconnect`: lstat /home/sjaquer/Downloads/taskME/dataconnect: no such file or directory
E0628 19:43:07.267001   74193 watch.go:40] Failed to load config from "/home/sjaquer/Downloads/taskME/dataconnect": could not find dataconnect.yaml in `/home/sjaquer/Downloads/taskME/dataconnect`
 {"metadata":{"emulator":{"name":"dataconnect"},"message":"E0628 19:43:07.266940   74193 watch.go:116] watchAllDir unable to walk dir `/home/sjaquer/Downloads/taskME/dataconnect`: lstat /home/sjaquer/Downloads/taskME/dataconnect: no such file or directory\nE0628 19:43:07.267001   74193 watch.go:40] Failed to load config from \"/home/sjaquer/Downloads/taskME/dataconnect\": could not find dataconnect.yaml in `/home/sjaquer/Downloads/taskME/dataconnect`\n"}}
[debug] [2026-06-29T00:43:17.276Z] E0628 19:43:17.276075   74193 watch.go:40] Failed to load config from "/home/sjaquer/Downloads/taskME/dataconnect": could not find dataconnect.yaml in `/home/sjaquer/Downloads/taskME/dataconnect`
 {"metadata":{"emulator":{"name":"dataconnect"},"message":"E0628 19:43:17.276075   74193 watch.go:40] Failed to load config from \"/home/sjaquer/Downloads/taskME/dataconnect\": could not find dataconnect.yaml in `/home/sjaquer/Downloads/taskME/dataconnect`\n"}}
[debug] [2026-06-29T00:43:27.276Z] E0628 19:43:27.275926   74193 watch.go:40] Failed to load config from "/home/sjaquer/Downloads/taskME/dataconnect": could not find dataconnect.yaml in `/home/sjaquer/Downloads/taskME/dataconnect`
 {"metadata":{"emulator":{"name":"dataconnect"},"message":"E0628 19:43:27.275926   74193 watch.go:40] Failed to load config from \"/home/sjaquer/Downloads/taskME/dataconnect\": could not find dataconnect.yaml in `/home/sjaquer/Downloads/taskME/dataconnect`\n"}}
[debug] [2026-06-29T00:43:37.267Z] E0628 19:43:37.267156   74193 watch.go:40] Failed to load config from "/home/sjaquer/Downloads/taskME/dataconnect": could not find dataconnect.yaml in `/home/sjaquer/Downloads/taskME/dataconnect`
 {"metadata":{"emulator":{"name":"dataconnect"},"message":"E0628 19:43:37.267156   74193 watch.go:40] Failed to load config from \"/home/sjaquer/Downloads/taskME/dataconnect\": could not find dataconnect.yaml in `/home/sjaquer/Downloads/taskME/dataconnect`\n"}}
[debug] [2026-06-29T00:43:47.267Z] E0628 19:43:47.267210   74193 watch.go:40] Failed to load config from "/home/sjaquer/Downloads/taskME/dataconnect": could not find dataconnect.yaml in `/home/sjaquer/Downloads/taskME/dataconnect`
 {"metadata":{"emulator":{"name":"dataconnect"},"message":"E0628 19:43:47.267210   74193 watch.go:40] Failed to load config from \"/home/sjaquer/Downloads/taskME/dataconnect\": could not find dataconnect.yaml in `/home/sjaquer/Downloads/taskME/dataconnect`\n"}}
[debug] [2026-06-29T00:43:57.267Z] E0628 19:43:57.266839   74193 watch.go:40] Failed to load config from "/home/sjaquer/Downloads/taskME/dataconnect": could not find dataconnect.yaml in `/home/sjaquer/Downloads/taskME/dataconnect`
 {"metadata":{"emulator":{"name":"dataconnect"},"message":"E0628 19:43:57.266839   74193 watch.go:40] Failed to load config from \"/home/sjaquer/Downloads/taskME/dataconnect\": could not find dataconnect.yaml in `/home/sjaquer/Downloads/taskME/dataconnect`\n"}}
[debug] [2026-06-29T00:44:07.267Z] E0628 19:44:07.266950   74193 watch.go:116] watchAllDir unable to walk dir `/home/sjaquer/Downloads/taskME/dataconnect`: lstat /home/sjaquer/Downloads/taskME/dataconnect: no such file or directory
E0628 19:44:07.267043   74193 watch.go:40] Failed to load config from "/home/sjaquer/Downloads/taskME/dataconnect": could not find dataconnect.yaml in `/home/sjaquer/Downloads/taskME/dataconnect`
 {"metadata":{"emulator":{"name":"dataconnect"},"message":"E0628 19:44:07.266950   74193 watch.go:116] watchAllDir unable to walk dir `/home/sjaquer/Downloads/taskME/dataconnect`: lstat /home/sjaquer/Downloads/taskME/dataconnect: no such file or directory\nE0628 19:44:07.267043   74193 watch.go:40] Failed to load config from \"/home/sjaquer/Downloads/taskME/dataconnect\": could not find dataconnect.yaml in `/home/sjaquer/Downloads/taskME/dataconnect`\n"}}
[debug] [2026-06-29T00:44:17.276Z] E0628 19:44:17.275833   74193 watch.go:40] Failed to load config from "/home/sjaquer/Downloads/taskME/dataconnect": could not find dataconnect.yaml in `/home/sjaquer/Downloads/taskME/dataconnect`
 {"metadata":{"emulator":{"name":"dataconnect"},"message":"E0628 19:44:17.275833   74193 watch.go:40] Failed to load config from \"/home/sjaquer/Downloads/taskME/dataconnect\": could not find dataconnect.yaml in `/home/sjaquer/Downloads/taskME/dataconnect`\n"}}
[debug] [2026-06-29T00:44:27.275Z] E0628 19:44:27.275805   74193 watch.go:40] Failed to load config from "/home/sjaquer/Downloads/taskME/dataconnect": could not find dataconnect.yaml in `/home/sjaquer/Downloads/taskME/dataconnect`
 {"metadata":{"emulator":{"name":"dataconnect"},"message":"E0628 19:44:27.275805   74193 watch.go:40] Failed to load config from \"/home/sjaquer/Downloads/taskME/dataconnect\": could not find dataconnect.yaml in `/home/sjaquer/Downloads/taskME/dataconnect`\n"}}
[debug] [2026-06-29T00:44:37.267Z] E0628 19:44:37.267010   74193 watch.go:40] Failed to load config from "/home/sjaquer/Downloads/taskME/dataconnect": could not find dataconnect.yaml in `/home/sjaquer/Downloads/taskME/dataconnect`
 {"metadata":{"emulator":{"name":"dataconnect"},"message":"E0628 19:44:37.267010   74193 watch.go:40] Failed to load config from \"/home/sjaquer/Downloads/taskME/dataconnect\": could not find dataconnect.yaml in `/home/sjaquer/Downloads/taskME/dataconnect`\n"}}
[debug] [2026-06-29T00:44:47.276Z] E0628 19:44:47.275810   74193 watch.go:40] Failed to load config from "/home/sjaquer/Downloads/taskME/dataconnect": could not find dataconnect.yaml in `/home/sjaquer/Downloads/taskME/dataconnect`
 {"metadata":{"emulator":{"name":"dataconnect"},"message":"E0628 19:44:47.275810   74193 watch.go:40] Failed to load config from \"/home/sjaquer/Downloads/taskME/dataconnect\": could not find dataconnect.yaml in `/home/sjaquer/Downloads/taskME/dataconnect`\n"}}
[debug] [2026-06-29T00:44:57.275Z] E0628 19:44:57.275796   74193 watch.go:40] Failed to load config from "/home/sjaquer/Downloads/taskME/dataconnect": could not find dataconnect.yaml in `/home/sjaquer/Downloads/taskME/dataconnect`
 {"metadata":{"emulator":{"name":"dataconnect"},"message":"E0628 19:44:57.275796   74193 watch.go:40] Failed to load config from \"/home/sjaquer/Downloads/taskME/dataconnect\": could not find dataconnect.yaml in `/home/sjaquer/Downloads/taskME/dataconnect`\n"}}
[debug] [2026-06-29T00:45:07.267Z] E0628 19:45:07.267063   74193 watch.go:116] watchAllDir unable to walk dir `/home/sjaquer/Downloads/taskME/dataconnect`: lstat /home/sjaquer/Downloads/taskME/dataconnect: no such file or directory
E0628 19:45:07.267109   74193 watch.go:40] Failed to load config from "/home/sjaquer/Downloads/taskME/dataconnect": could not find dataconnect.yaml in `/home/sjaquer/Downloads/taskME/dataconnect`
 {"metadata":{"emulator":{"name":"dataconnect"},"message":"E0628 19:45:07.267063   74193 watch.go:116] watchAllDir unable to walk dir `/home/sjaquer/Downloads/taskME/dataconnect`: lstat /home/sjaquer/Downloads/taskME/dataconnect: no such file or directory\nE0628 19:45:07.267109   74193 watch.go:40] Failed to load config from \"/home/sjaquer/Downloads/taskME/dataconnect\": could not find dataconnect.yaml in `/home/sjaquer/Downloads/taskME/dataconnect`\n"}}
[debug] [2026-06-29T00:45:17.276Z] E0628 19:45:17.275812   74193 watch.go:40] Failed to load config from "/home/sjaquer/Downloads/taskME/dataconnect": could not find dataconnect.yaml in `/home/sjaquer/Downloads/taskME/dataconnect`
 {"metadata":{"emulator":{"name":"dataconnect"},"message":"E0628 19:45:17.275812   74193 watch.go:40] Failed to load config from \"/home/sjaquer/Downloads/taskME/dataconnect\": could not find dataconnect.yaml in `/home/sjaquer/Downloads/taskME/dataconnect`\n"}}
[debug] [2026-06-29T00:45:27.276Z] E0628 19:45:27.275830   74193 watch.go:40] Failed to load config from "/home/sjaquer/Downloads/taskME/dataconnect": could not find dataconnect.yaml in `/home/sjaquer/Downloads/taskME/dataconnect`
 {"metadata":{"emulator":{"name":"dataconnect"},"message":"E0628 19:45:27.275830   74193 watch.go:40] Failed to load config from \"/home/sjaquer/Downloads/taskME/dataconnect\": could not find dataconnect.yaml in `/home/sjaquer/Downloads/taskME/dataconnect`\n"}}
[debug] [2026-06-29T00:45:37.267Z] E0628 19:45:37.266889   74193 watch.go:40] Failed to load config from "/home/sjaquer/Downloads/taskME/dataconnect": could not find dataconnect.yaml in `/home/sjaquer/Downloads/taskME/dataconnect`
 {"metadata":{"emulator":{"name":"dataconnect"},"message":"E0628 19:45:37.266889   74193 watch.go:40] Failed to load config from \"/home/sjaquer/Downloads/taskME/dataconnect\": could not find dataconnect.yaml in `/home/sjaquer/Downloads/taskME/dataconnect`\n"}}
[debug] [2026-06-29T00:45:47.276Z] E0628 19:45:47.275809   74193 watch.go:40] Failed to load config from "/home/sjaquer/Downloads/taskME/dataconnect": could not find dataconnect.yaml in `/home/sjaquer/Downloads/taskME/dataconnect`
 {"metadata":{"emulator":{"name":"dataconnect"},"message":"E0628 19:45:47.275809   74193 watch.go:40] Failed to load config from \"/home/sjaquer/Downloads/taskME/dataconnect\": could not find dataconnect.yaml in `/home/sjaquer/Downloads/taskME/dataconnect`\n"}}
[debug] [2026-06-29T00:45:57.267Z] E0628 19:45:57.267250   74193 watch.go:40] Failed to load config from "/home/sjaquer/Downloads/taskME/dataconnect": could not find dataconnect.yaml in `/home/sjaquer/Downloads/taskME/dataconnect`
 {"metadata":{"emulator":{"name":"dataconnect"},"message":"E0628 19:45:57.267250   74193 watch.go:40] Failed to load config from \"/home/sjaquer/Downloads/taskME/dataconnect\": could not find dataconnect.yaml in `/home/sjaquer/Downloads/taskME/dataconnect`\n"}}
[debug] [2026-06-29T00:46:07.267Z] E0628 19:46:07.267574   74193 watch.go:116] watchAllDir unable to walk dir `/home/sjaquer/Downloads/taskME/dataconnect`: lstat /home/sjaquer/Downloads/taskME/dataconnect: no such file or directory
E0628 19:46:07.267652   74193 watch.go:40] Failed to load config from "/home/sjaquer/Downloads/taskME/dataconnect": could not find dataconnect.yaml in `/home/sjaquer/Downloads/taskME/dataconnect`
 {"metadata":{"emulator":{"name":"dataconnect"},"message":"E0628 19:46:07.267574   74193 watch.go:116] watchAllDir unable to walk dir `/home/sjaquer/Downloads/taskME/dataconnect`: lstat /home/sjaquer/Downloads/taskME/dataconnect: no such file or directory\nE0628 19:46:07.267652   74193 watch.go:40] Failed to load config from \"/home/sjaquer/Downloads/taskME/dataconnect\": could not find dataconnect.yaml in `/home/sjaquer/Downloads/taskME/dataconnect`\n"}}
[debug] [2026-06-29T00:46:17.276Z] E0628 19:46:17.275829   74193 watch.go:40] Failed to load config from "/home/sjaquer/Downloads/taskME/dataconnect": could not find dataconnect.yaml in `/home/sjaquer/Downloads/taskME/dataconnect`
 {"metadata":{"emulator":{"name":"dataconnect"},"message":"E0628 19:46:17.275829   74193 watch.go:40] Failed to load config from \"/home/sjaquer/Downloads/taskME/dataconnect\": could not find dataconnect.yaml in `/home/sjaquer/Downloads/taskME/dataconnect`\n"}}
[debug] [2026-06-29T00:46:27.275Z] E0628 19:46:27.275798   74193 watch.go:40] Failed to load config from "/home/sjaquer/Downloads/taskME/dataconnect": could not find dataconnect.yaml in `/home/sjaquer/Downloads/taskME/dataconnect`
 {"metadata":{"emulator":{"name":"dataconnect"},"message":"E0628 19:46:27.275798   74193 watch.go:40] Failed to load config from \"/home/sjaquer/Downloads/taskME/dataconnect\": could not find dataconnect.yaml in `/home/sjaquer/Downloads/taskME/dataconnect`\n"}}
[debug] [2026-06-29T00:46:37.267Z] E0628 19:46:37.267608   74193 watch.go:40] Failed to load config from "/home/sjaquer/Downloads/taskME/dataconnect": could not find dataconnect.yaml in `/home/sjaquer/Downloads/taskME/dataconnect`
 {"metadata":{"emulator":{"name":"dataconnect"},"message":"E0628 19:46:37.267608   74193 watch.go:40] Failed to load config from \"/home/sjaquer/Downloads/taskME/dataconnect\": could not find dataconnect.yaml in `/home/sjaquer/Downloads/taskME/dataconnect`\n"}}
[debug] [2026-06-29T00:46:47.276Z] E0628 19:46:47.276707   74193 watch.go:40] Failed to load config from "/home/sjaquer/Downloads/taskME/dataconnect": could not find dataconnect.yaml in `/home/sjaquer/Downloads/taskME/dataconnect`
 {"metadata":{"emulator":{"name":"dataconnect"},"message":"E0628 19:46:47.276707   74193 watch.go:40] Failed to load config from \"/home/sjaquer/Downloads/taskME/dataconnect\": could not find dataconnect.yaml in `/home/sjaquer/Downloads/taskME/dataconnect`\n"}}
[debug] [2026-06-29T00:46:57.276Z] E0628 19:46:57.275775   74193 watch.go:40] Failed to load config from "/home/sjaquer/Downloads/taskME/dataconnect": could not find dataconnect.yaml in `/home/sjaquer/Downloads/taskME/dataconnect`
 {"metadata":{"emulator":{"name":"dataconnect"},"message":"E0628 19:46:57.275775   74193 watch.go:40] Failed to load config from \"/home/sjaquer/Downloads/taskME/dataconnect\": could not find dataconnect.yaml in `/home/sjaquer/Downloads/taskME/dataconnect`\n"}}
[debug] [2026-06-29T00:47:07.267Z] E0628 19:47:07.266954   74193 watch.go:116] watchAllDir unable to walk dir `/home/sjaquer/Downloads/taskME/dataconnect`: lstat /home/sjaquer/Downloads/taskME/dataconnect: no such file or directory
E0628 19:47:07.267007   74193 watch.go:40] Failed to load config from "/home/sjaquer/Downloads/taskME/dataconnect": could not find dataconnect.yaml in `/home/sjaquer/Downloads/taskME/dataconnect`
 {"metadata":{"emulator":{"name":"dataconnect"},"message":"E0628 19:47:07.266954   74193 watch.go:116] watchAllDir unable to walk dir `/home/sjaquer/Downloads/taskME/dataconnect`: lstat /home/sjaquer/Downloads/taskME/dataconnect: no such file or directory\nE0628 19:47:07.267007   74193 watch.go:40] Failed to load config from \"/home/sjaquer/Downloads/taskME/dataconnect\": could not find dataconnect.yaml in `/home/sjaquer/Downloads/taskME/dataconnect`\n"}}
[debug] [2026-06-29T00:47:17.276Z] E0628 19:47:17.276088   74193 watch.go:40] Failed to load config from "/home/sjaquer/Downloads/taskME/dataconnect": could not find dataconnect.yaml in `/home/sjaquer/Downloads/taskME/dataconnect`
 {"metadata":{"emulator":{"name":"dataconnect"},"message":"E0628 19:47:17.276088   74193 watch.go:40] Failed to load config from \"/home/sjaquer/Downloads/taskME/dataconnect\": could not find dataconnect.yaml in `/home/sjaquer/Downloads/taskME/dataconnect`\n"}}
[debug] [2026-06-29T00:47:27.275Z] E0628 19:47:27.275798   74193 watch.go:40] Failed to load config from "/home/sjaquer/Downloads/taskME/dataconnect": could not find dataconnect.yaml in `/home/sjaquer/Downloads/taskME/dataconnect`
 {"metadata":{"emulator":{"name":"dataconnect"},"message":"E0628 19:47:27.275798   74193 watch.go:40] Failed to load config from \"/home/sjaquer/Downloads/taskME/dataconnect\": could not find dataconnect.yaml in `/home/sjaquer/Downloads/taskME/dataconnect`\n"}}
[debug] [2026-06-29T00:47:37.267Z] E0628 19:47:37.266900   74193 watch.go:40] Failed to load config from "/home/sjaquer/Downloads/taskME/dataconnect": could not find dataconnect.yaml in `/home/sjaquer/Downloads/taskME/dataconnect`
 {"metadata":{"emulator":{"name":"dataconnect"},"message":"E0628 19:47:37.266900   74193 watch.go:40] Failed to load config from \"/home/sjaquer/Downloads/taskME/dataconnect\": could not find dataconnect.yaml in `/home/sjaquer/Downloads/taskME/dataconnect`\n"}}
[debug] [2026-06-29T00:47:47.276Z] E0628 19:47:47.275823   74193 watch.go:40] Failed to load config from "/home/sjaquer/Downloads/taskME/dataconnect": could not find dataconnect.yaml in `/home/sjaquer/Downloads/taskME/dataconnect`
 {"metadata":{"emulator":{"name":"dataconnect"},"message":"E0628 19:47:47.275823   74193 watch.go:40] Failed to load config from \"/home/sjaquer/Downloads/taskME/dataconnect\": could not find dataconnect.yaml in `/home/sjaquer/Downloads/taskME/dataconnect`\n"}}
[debug] [2026-06-29T00:47:57.276Z] E0628 19:47:57.275827   74193 watch.go:40] Failed to load config from "/home/sjaquer/Downloads/taskME/dataconnect": could not find dataconnect.yaml in `/home/sjaquer/Downloads/taskME/dataconnect`
 {"metadata":{"emulator":{"name":"dataconnect"},"message":"E0628 19:47:57.275827   74193 watch.go:40] Failed to load config from \"/home/sjaquer/Downloads/taskME/dataconnect\": could not find dataconnect.yaml in `/home/sjaquer/Downloads/taskME/dataconnect`\n"}}
[debug] [2026-06-29T00:48:07.267Z] E0628 19:48:07.266799   74193 watch.go:40] Failed to load config from "/home/sjaquer/Downloads/taskME/dataconnect": could not find dataconnect.yaml in `/home/sjaquer/Downloads/taskME/dataconnect`
E0628 19:48:07.266800   74193 watch.go:116] watchAllDir unable to walk dir `/home/sjaquer/Downloads/taskME/dataconnect`: lstat /home/sjaquer/Downloads/taskME/dataconnect: no such file or directory
 {"metadata":{"emulator":{"name":"dataconnect"},"message":"E0628 19:48:07.266799   74193 watch.go:40] Failed to load config from \"/home/sjaquer/Downloads/taskME/dataconnect\": could not find dataconnect.yaml in `/home/sjaquer/Downloads/taskME/dataconnect`\nE0628 19:48:07.266800   74193 watch.go:116] watchAllDir unable to walk dir `/home/sjaquer/Downloads/taskME/dataconnect`: lstat /home/sjaquer/Downloads/taskME/dataconnect: no such file or directory\n"}}
[debug] [2026-06-29T00:48:17.274Z] E0628 19:48:17.274347   74193 watch.go:40] Failed to load config from "/home/sjaquer/Downloads/taskME/dataconnect": could not find dataconnect.yaml in `/home/sjaquer/Downloads/taskME/dataconnect`
 {"metadata":{"emulator":{"name":"dataconnect"},"message":"E0628 19:48:17.274347   74193 watch.go:40] Failed to load config from \"/home/sjaquer/Downloads/taskME/dataconnect\": could not find dataconnect.yaml in `/home/sjaquer/Downloads/taskME/dataconnect`\n"}}
[debug] [2026-06-29T00:48:27.276Z] E0628 19:48:27.275808   74193 watch.go:40] Failed to load config from "/home/sjaquer/Downloads/taskME/dataconnect": could not find dataconnect.yaml in `/home/sjaquer/Downloads/taskME/dataconnect`
 {"metadata":{"emulator":{"name":"dataconnect"},"message":"E0628 19:48:27.275808   74193 watch.go:40] Failed to load config from \"/home/sjaquer/Downloads/taskME/dataconnect\": could not find dataconnect.yaml in `/home/sjaquer/Downloads/taskME/dataconnect`\n"}}
[debug] [2026-06-29T00:48:37.267Z] E0628 19:48:37.266953   74193 watch.go:40] Failed to load config from "/home/sjaquer/Downloads/taskME/dataconnect": could not find dataconnect.yaml in `/home/sjaquer/Downloads/taskME/dataconnect`
 {"metadata":{"emulator":{"name":"dataconnect"},"message":"E0628 19:48:37.266953   74193 watch.go:40] Failed to load config from \"/home/sjaquer/Downloads/taskME/dataconnect\": could not find dataconnect.yaml in `/home/sjaquer/Downloads/taskME/dataconnect`\n"}}
[debug] [2026-06-29T00:48:47.275Z] E0628 19:48:47.275800   74193 watch.go:40] Failed to load config from "/home/sjaquer/Downloads/taskME/dataconnect": could not find dataconnect.yaml in `/home/sjaquer/Downloads/taskME/dataconnect`
 {"metadata":{"emulator":{"name":"dataconnect"},"message":"E0628 19:48:47.275800   74193 watch.go:40] Failed to load config from \"/home/sjaquer/Downloads/taskME/dataconnect\": could not find dataconnect.yaml in `/home/sjaquer/Downloads/taskME/dataconnect`\n"}}
[debug] [2026-06-29T00:48:57.276Z] E0628 19:48:57.275822   74193 watch.go:40] Failed to load config from "/home/sjaquer/Downloads/taskME/dataconnect": could not find dataconnect.yaml in `/home/sjaquer/Downloads/taskME/dataconnect`
 {"metadata":{"emulator":{"name":"dataconnect"},"message":"E0628 19:48:57.275822   74193 watch.go:40] Failed to load config from \"/home/sjaquer/Downloads/taskME/dataconnect\": could not find dataconnect.yaml in `/home/sjaquer/Downloads/taskME/dataconnect`\n"}}
[debug] [2026-06-29T00:49:07.267Z] E0628 19:49:07.267022   74193 watch.go:116] watchAllDir unable to walk dir `/home/sjaquer/Downloads/taskME/dataconnect`: lstat /home/sjaquer/Downloads/taskME/dataconnect: no such file or directory
E0628 19:49:07.267070   74193 watch.go:40] Failed to load config from "/home/sjaquer/Downloads/taskME/dataconnect": could not find dataconnect.yaml in `/home/sjaquer/Downloads/taskME/dataconnect`
 {"metadata":{"emulator":{"name":"dataconnect"},"message":"E0628 19:49:07.267022   74193 watch.go:116] watchAllDir unable to walk dir `/home/sjaquer/Downloads/taskME/dataconnect`: lstat /home/sjaquer/Downloads/taskME/dataconnect: no such file or directory\nE0628 19:49:07.267070   74193 watch.go:40] Failed to load config from \"/home/sjaquer/Downloads/taskME/dataconnect\": could not find dataconnect.yaml in `/home/sjaquer/Downloads/taskME/dataconnect`\n"}}
[debug] [2026-06-29T00:49:17.267Z] E0628 19:49:17.266895   74193 watch.go:40] Failed to load config from "/home/sjaquer/Downloads/taskME/dataconnect": could not find dataconnect.yaml in `/home/sjaquer/Downloads/taskME/dataconnect`
 {"metadata":{"emulator":{"name":"dataconnect"},"message":"E0628 19:49:17.266895   74193 watch.go:40] Failed to load config from \"/home/sjaquer/Downloads/taskME/dataconnect\": could not find dataconnect.yaml in `/home/sjaquer/Downloads/taskME/dataconnect`\n"}}
[debug] [2026-06-29T00:49:27.267Z] E0628 19:49:27.266819   74193 watch.go:40] Failed to load config from "/home/sjaquer/Downloads/taskME/dataconnect": could not find dataconnect.yaml in `/home/sjaquer/Downloads/taskME/dataconnect`
 {"metadata":{"emulator":{"name":"dataconnect"},"message":"E0628 19:49:27.266819   74193 watch.go:40] Failed to load config from \"/home/sjaquer/Downloads/taskME/dataconnect\": could not find dataconnect.yaml in `/home/sjaquer/Downloads/taskME/dataconnect`\n"}}
[debug] [2026-06-29T00:49:37.267Z] E0628 19:49:37.266945   74193 watch.go:40] Failed to load config from "/home/sjaquer/Downloads/taskME/dataconnect": could not find dataconnect.yaml in `/home/sjaquer/Downloads/taskME/dataconnect`
 {"metadata":{"emulator":{"name":"dataconnect"},"message":"E0628 19:49:37.266945   74193 watch.go:40] Failed to load config from \"/home/sjaquer/Downloads/taskME/dataconnect\": could not find dataconnect.yaml in `/home/sjaquer/Downloads/taskME/dataconnect`\n"}}
[debug] [2026-06-29T00:49:47.276Z] E0628 19:49:47.275990   74193 watch.go:40] Failed to load config from "/home/sjaquer/Downloads/taskME/dataconnect": could not find dataconnect.yaml in `/home/sjaquer/Downloads/taskME/dataconnect`
 {"metadata":{"emulator":{"name":"dataconnect"},"message":"E0628 19:49:47.275990   74193 watch.go:40] Failed to load config from \"/home/sjaquer/Downloads/taskME/dataconnect\": could not find dataconnect.yaml in `/home/sjaquer/Downloads/taskME/dataconnect`\n"}}
[debug] [2026-06-29T00:49:57.275Z] E0628 19:49:57.275800   74193 watch.go:40] Failed to load config from "/home/sjaquer/Downloads/taskME/dataconnect": could not find dataconnect.yaml in `/home/sjaquer/Downloads/taskME/dataconnect`
 {"metadata":{"emulator":{"name":"dataconnect"},"message":"E0628 19:49:57.275800   74193 watch.go:40] Failed to load config from \"/home/sjaquer/Downloads/taskME/dataconnect\": could not find dataconnect.yaml in `/home/sjaquer/Downloads/taskME/dataconnect`\n"}}
[debug] [2026-06-29T00:50:07.267Z] E0628 19:50:07.267001   74193 watch.go:116] watchAllDir unable to walk dir `/home/sjaquer/Downloads/taskME/dataconnect`: lstat /home/sjaquer/Downloads/taskME/dataconnect: no such file or directory
E0628 19:50:07.267073   74193 watch.go:40] Failed to load config from "/home/sjaquer/Downloads/taskME/dataconnect": could not find dataconnect.yaml in `/home/sjaquer/Downloads/taskME/dataconnect`
 {"metadata":{"emulator":{"name":"dataconnect"},"message":"E0628 19:50:07.267001   74193 watch.go:116] watchAllDir unable to walk dir `/home/sjaquer/Downloads/taskME/dataconnect`: lstat /home/sjaquer/Downloads/taskME/dataconnect: no such file or directory\nE0628 19:50:07.267073   74193 watch.go:40] Failed to load config from \"/home/sjaquer/Downloads/taskME/dataconnect\": could not find dataconnect.yaml in `/home/sjaquer/Downloads/taskME/dataconnect`\n"}}
[debug] [2026-06-29T00:50:17.267Z] E0628 19:50:17.266831   74193 watch.go:40] Failed to load config from "/home/sjaquer/Downloads/taskME/dataconnect": could not find dataconnect.yaml in `/home/sjaquer/Downloads/taskME/dataconnect`
 {"metadata":{"emulator":{"name":"dataconnect"},"message":"E0628 19:50:17.266831   74193 watch.go:40] Failed to load config from \"/home/sjaquer/Downloads/taskME/dataconnect\": could not find dataconnect.yaml in `/home/sjaquer/Downloads/taskME/dataconnect`\n"}}
[debug] [2026-06-29T00:50:27.269Z] E0628 19:50:27.268820   74193 watch.go:40] Failed to load config from "/home/sjaquer/Downloads/taskME/dataconnect": could not find dataconnect.yaml in `/home/sjaquer/Downloads/taskME/dataconnect`
 {"metadata":{"emulator":{"name":"dataconnect"},"message":"E0628 19:50:27.268820   74193 watch.go:40] Failed to load config from \"/home/sjaquer/Downloads/taskME/dataconnect\": could not find dataconnect.yaml in `/home/sjaquer/Downloads/taskME/dataconnect`\n"}}
[debug] [2026-06-29T00:50:37.267Z] E0628 19:50:37.267687   74193 watch.go:40] Failed to load config from "/home/sjaquer/Downloads/taskME/dataconnect": could not find dataconnect.yaml in `/home/sjaquer/Downloads/taskME/dataconnect`
 {"metadata":{"emulator":{"name":"dataconnect"},"message":"E0628 19:50:37.267687   74193 watch.go:40] Failed to load config from \"/home/sjaquer/Downloads/taskME/dataconnect\": could not find dataconnect.yaml in `/home/sjaquer/Downloads/taskME/dataconnect`\n"}}
[debug] [2026-06-29T00:50:47.275Z] E0628 19:50:47.275800   74193 watch.go:40] Failed to load config from "/home/sjaquer/Downloads/taskME/dataconnect": could not find dataconnect.yaml in `/home/sjaquer/Downloads/taskME/dataconnect`
 {"metadata":{"emulator":{"name":"dataconnect"},"message":"E0628 19:50:47.275800   74193 watch.go:40] Failed to load config from \"/home/sjaquer/Downloads/taskME/dataconnect\": could not find dataconnect.yaml in `/home/sjaquer/Downloads/taskME/dataconnect`\n"}}
[debug] [2026-06-29T00:50:57.271Z] E0628 19:50:57.271461   74193 watch.go:40] Failed to load config from "/home/sjaquer/Downloads/taskME/dataconnect": could not find dataconnect.yaml in `/home/sjaquer/Downloads/taskME/dataconnect`
 {"metadata":{"emulator":{"name":"dataconnect"},"message":"E0628 19:50:57.271461   74193 watch.go:40] Failed to load config from \"/home/sjaquer/Downloads/taskME/dataconnect\": could not find dataconnect.yaml in `/home/sjaquer/Downloads/taskME/dataconnect`\n"}}
[debug] [2026-06-29T00:51:07.267Z] E0628 19:51:07.267319   74193 watch.go:116] watchAllDir unable to walk dir `/home/sjaquer/Downloads/taskME/dataconnect`: lstat /home/sjaquer/Downloads/taskME/dataconnect: no such file or directory
E0628 19:51:07.267365   74193 watch.go:40] Failed to load config from "/home/sjaquer/Downloads/taskME/dataconnect": could not find dataconnect.yaml in `/home/sjaquer/Downloads/taskME/dataconnect`
 {"metadata":{"emulator":{"name":"dataconnect"},"message":"E0628 19:51:07.267319   74193 watch.go:116] watchAllDir unable to walk dir `/home/sjaquer/Downloads/taskME/dataconnect`: lstat /home/sjaquer/Downloads/taskME/dataconnect: no such file or directory\nE0628 19:51:07.267365   74193 watch.go:40] Failed to load config from \"/home/sjaquer/Downloads/taskME/dataconnect\": could not find dataconnect.yaml in `/home/sjaquer/Downloads/taskME/dataconnect`\n"}}
[debug] [2026-06-29T00:51:17.276Z] E0628 19:51:17.275824   74193 watch.go:40] Failed to load config from "/home/sjaquer/Downloads/taskME/dataconnect": could not find dataconnect.yaml in `/home/sjaquer/Downloads/taskME/dataconnect`
 {"metadata":{"emulator":{"name":"dataconnect"},"message":"E0628 19:51:17.275824   74193 watch.go:40] Failed to load config from \"/home/sjaquer/Downloads/taskME/dataconnect\": could not find dataconnect.yaml in `/home/sjaquer/Downloads/taskME/dataconnect`\n"}}
[debug] [2026-06-29T00:51:27.276Z] E0628 19:51:27.275841   74193 watch.go:40] Failed to load config from "/home/sjaquer/Downloads/taskME/dataconnect": could not find dataconnect.yaml in `/home/sjaquer/Downloads/taskME/dataconnect`
 {"metadata":{"emulator":{"name":"dataconnect"},"message":"E0628 19:51:27.275841   74193 watch.go:40] Failed to load config from \"/home/sjaquer/Downloads/taskME/dataconnect\": could not find dataconnect.yaml in `/home/sjaquer/Downloads/taskME/dataconnect`\n"}}
[debug] [2026-06-29T00:51:37.267Z] E0628 19:51:37.267082   74193 watch.go:40] Failed to load config from "/home/sjaquer/Downloads/taskME/dataconnect": could not find dataconnect.yaml in `/home/sjaquer/Downloads/taskME/dataconnect`
 {"metadata":{"emulator":{"name":"dataconnect"},"message":"E0628 19:51:37.267082   74193 watch.go:40] Failed to load config from \"/home/sjaquer/Downloads/taskME/dataconnect\": could not find dataconnect.yaml in `/home/sjaquer/Downloads/taskME/dataconnect`\n"}}
[debug] [2026-06-29T00:51:47.276Z] E0628 19:51:47.276141   74193 watch.go:40] Failed to load config from "/home/sjaquer/Downloads/taskME/dataconnect": could not find dataconnect.yaml in `/home/sjaquer/Downloads/taskME/dataconnect`
 {"metadata":{"emulator":{"name":"dataconnect"},"message":"E0628 19:51:47.276141   74193 watch.go:40] Failed to load config from \"/home/sjaquer/Downloads/taskME/dataconnect\": could not find dataconnect.yaml in `/home/sjaquer/Downloads/taskME/dataconnect`\n"}}
[debug] [2026-06-29T00:51:57.276Z] E0628 19:51:57.276171   74193 watch.go:40] Failed to load config from "/home/sjaquer/Downloads/taskME/dataconnect": could not find dataconnect.yaml in `/home/sjaquer/Downloads/taskME/dataconnect`
 {"metadata":{"emulator":{"name":"dataconnect"},"message":"E0628 19:51:57.276171   74193 watch.go:40] Failed to load config from \"/home/sjaquer/Downloads/taskME/dataconnect\": could not find dataconnect.yaml in `/home/sjaquer/Downloads/taskME/dataconnect`\n"}}
[debug] [2026-06-29T00:52:07.267Z] E0628 19:52:07.267409   74193 watch.go:116] watchAllDir unable to walk dir `/home/sjaquer/Downloads/taskME/dataconnect`: lstat /home/sjaquer/Downloads/taskME/dataconnect: no such file or directory
E0628 19:52:07.267458   74193 watch.go:40] Failed to load config from "/home/sjaquer/Downloads/taskME/dataconnect": could not find dataconnect.yaml in `/home/sjaquer/Downloads/taskME/dataconnect`
 {"metadata":{"emulator":{"name":"dataconnect"},"message":"E0628 19:52:07.267409   74193 watch.go:116] watchAllDir unable to walk dir `/home/sjaquer/Downloads/taskME/dataconnect`: lstat /home/sjaquer/Downloads/taskME/dataconnect: no such file or directory\nE0628 19:52:07.267458   74193 watch.go:40] Failed to load config from \"/home/sjaquer/Downloads/taskME/dataconnect\": could not find dataconnect.yaml in `/home/sjaquer/Downloads/taskME/dataconnect`\n"}}
[debug] [2026-06-29T00:52:17.267Z] E0628 19:52:17.267603   74193 watch.go:40] Failed to load config from "/home/sjaquer/Downloads/taskME/dataconnect": could not find dataconnect.yaml in `/home/sjaquer/Downloads/taskME/dataconnect`
 {"metadata":{"emulator":{"name":"dataconnect"},"message":"E0628 19:52:17.267603   74193 watch.go:40] Failed to load config from \"/home/sjaquer/Downloads/taskME/dataconnect\": could not find dataconnect.yaml in `/home/sjaquer/Downloads/taskME/dataconnect`\n"}}
[debug] [2026-06-29T00:52:27.267Z] E0628 19:52:27.266850   74193 watch.go:40] Failed to load config from "/home/sjaquer/Downloads/taskME/dataconnect": could not find dataconnect.yaml in `/home/sjaquer/Downloads/taskME/dataconnect`
 {"metadata":{"emulator":{"name":"dataconnect"},"message":"E0628 19:52:27.266850   74193 watch.go:40] Failed to load config from \"/home/sjaquer/Downloads/taskME/dataconnect\": could not find dataconnect.yaml in `/home/sjaquer/Downloads/taskME/dataconnect`\n"}}
[debug] [2026-06-29T00:52:37.267Z] E0628 19:52:37.267698   74193 watch.go:40] Failed to load config from "/home/sjaquer/Downloads/taskME/dataconnect": could not find dataconnect.yaml in `/home/sjaquer/Downloads/taskME/dataconnect`
 {"metadata":{"emulator":{"name":"dataconnect"},"message":"E0628 19:52:37.267698   74193 watch.go:40] Failed to load config from \"/home/sjaquer/Downloads/taskME/dataconnect\": could not find dataconnect.yaml in `/home/sjaquer/Downloads/taskME/dataconnect`\n"}}
[debug] [2026-06-29T00:52:47.274Z] E0628 19:52:47.274054   74193 watch.go:40] Failed to load config from "/home/sjaquer/Downloads/taskME/dataconnect": could not find dataconnect.yaml in `/home/sjaquer/Downloads/taskME/dataconnect`
 {"metadata":{"emulator":{"name":"dataconnect"},"message":"E0628 19:52:47.274054   74193 watch.go:40] Failed to load config from \"/home/sjaquer/Downloads/taskME/dataconnect\": could not find dataconnect.yaml in `/home/sjaquer/Downloads/taskME/dataconnect`\n"}}
[debug] [2026-06-29T00:52:57.275Z] E0628 19:52:57.274879   74193 watch.go:40] Failed to load config from "/home/sjaquer/Downloads/taskME/dataconnect": could not find dataconnect.yaml in `/home/sjaquer/Downloads/taskME/dataconnect`
 {"metadata":{"emulator":{"name":"dataconnect"},"message":"E0628 19:52:57.274879   74193 watch.go:40] Failed to load config from \"/home/sjaquer/Downloads/taskME/dataconnect\": could not find dataconnect.yaml in `/home/sjaquer/Downloads/taskME/dataconnect`\n"}}
[debug] [2026-06-29T00:53:07.267Z] E0628 19:53:07.266959   74193 watch.go:116] watchAllDir unable to walk dir `/home/sjaquer/Downloads/taskME/dataconnect`: lstat /home/sjaquer/Downloads/taskME/dataconnect: no such file or directory
E0628 19:53:07.267010   74193 watch.go:40] Failed to load config from "/home/sjaquer/Downloads/taskME/dataconnect": could not find dataconnect.yaml in `/home/sjaquer/Downloads/taskME/dataconnect`
 {"metadata":{"emulator":{"name":"dataconnect"},"message":"E0628 19:53:07.266959   74193 watch.go:116] watchAllDir unable to walk dir `/home/sjaquer/Downloads/taskME/dataconnect`: lstat /home/sjaquer/Downloads/taskME/dataconnect: no such file or directory\nE0628 19:53:07.267010   74193 watch.go:40] Failed to load config from \"/home/sjaquer/Downloads/taskME/dataconnect\": could not find dataconnect.yaml in `/home/sjaquer/Downloads/taskME/dataconnect`\n"}}
[debug] [2026-06-29T00:53:17.276Z] E0628 19:53:17.276143   74193 watch.go:40] Failed to load config from "/home/sjaquer/Downloads/taskME/dataconnect": could not find dataconnect.yaml in `/home/sjaquer/Downloads/taskME/dataconnect`
 {"metadata":{"emulator":{"name":"dataconnect"},"message":"E0628 19:53:17.276143   74193 watch.go:40] Failed to load config from \"/home/sjaquer/Downloads/taskME/dataconnect\": could not find dataconnect.yaml in `/home/sjaquer/Downloads/taskME/dataconnect`\n"}}
[debug] [2026-06-29T00:53:27.275Z] E0628 19:53:27.275841   74193 watch.go:40] Failed to load config from "/home/sjaquer/Downloads/taskME/dataconnect": could not find dataconnect.yaml in `/home/sjaquer/Downloads/taskME/dataconnect`
 {"metadata":{"emulator":{"name":"dataconnect"},"message":"E0628 19:53:27.275841   74193 watch.go:40] Failed to load config from \"/home/sjaquer/Downloads/taskME/dataconnect\": could not find dataconnect.yaml in `/home/sjaquer/Downloads/taskME/dataconnect`\n"}}
[debug] [2026-06-29T00:53:37.267Z] E0628 19:53:37.267017   74193 watch.go:40] Failed to load config from "/home/sjaquer/Downloads/taskME/dataconnect": could not find dataconnect.yaml in `/home/sjaquer/Downloads/taskME/dataconnect`
 {"metadata":{"emulator":{"name":"dataconnect"},"message":"E0628 19:53:37.267017   74193 watch.go:40] Failed to load config from \"/home/sjaquer/Downloads/taskME/dataconnect\": could not find dataconnect.yaml in `/home/sjaquer/Downloads/taskME/dataconnect`\n"}}
